This is pdfTeX, Version 3.14159265-2.6-1.40.21 (TeX Live 2020/Debian) (preloaded format=pdflatex 2021.1.2)  18 MAR 2021 05:39
entering extended mode
 restricted \write18 enabled.
 file:line:error style messages enabled.
 %&-line parsing enabled.
**/home/parth/Work/School/Computers/ECS132/finalproject/final.tex
(/home/parth/Work/School/Computers/ECS132/finalproject/final.tex
LaTeX2e <2020-02-02> patch level 5
L3 programming layer <2020-07-17> (/usr/share/texlive/texmf-dist/tex/latex/base/article.cls
Document Class: article 2019/12/20 v1.4l Standard LaTeX document class
(/usr/share/texlive/texmf-dist/tex/latex/base/size11.clo
File: size11.clo 2019/12/20 v1.4l Standard LaTeX file (size option)
)
\c@part=\count168
\c@section=\count169
\c@subsection=\count170
\c@subsubsection=\count171
\c@paragraph=\count172
\c@subparagraph=\count173
\c@figure=\count174
\c@table=\count175
\abovecaptionskip=\skip47
\belowcaptionskip=\skip48
\bibindent=\dimen134
) (/usr/share/texlive/texmf-dist/tex/latex/amsmath/amsmath.sty
Package: amsmath 2020/01/20 v2.17e AMS math features
\@mathmargin=\skip49

For additional information on amsmath, use the `?' option.
(/usr/share/texlive/texmf-dist/tex/latex/amsmath/amstext.sty
Package: amstext 2000/06/29 v2.01 AMS text
 (/usr/share/texlive/texmf-dist/tex/latex/amsmath/amsgen.sty
File: amsgen.sty 1999/11/30 v2.0 generic functions
\@emptytoks=\toks15
\ex@=\dimen135
)) (/usr/share/texlive/texmf-dist/tex/latex/amsmath/amsbsy.sty
Package: amsbsy 1999/11/29 v1.2d Bold Symbols
\pmbraise@=\dimen136
) (/usr/share/texlive/texmf-dist/tex/latex/amsmath/amsopn.sty
Package: amsopn 2016/03/08 v2.02 operator names
)
\inf@bad=\count176
LaTeX Info: Redefining \frac on input line 227.
\uproot@=\count177
\leftroot@=\count178
LaTeX Info: Redefining \overline on input line 389.
\classnum@=\count179
\DOTSCASE@=\count180
LaTeX Info: Redefining \ldots on input line 486.
LaTeX Info: Redefining \dots on input line 489.
LaTeX Info: Redefining \cdots on input line 610.
\Mathstrutbox@=\box45
\strutbox@=\box46
\big@size=\dimen137
LaTeX Font Info:    Redeclaring font encoding OML on input line 733.
LaTeX Font Info:    Redeclaring font encoding OMS on input line 734.
\macc@depth=\count181
\c@MaxMatrixCols=\count182
\dotsspace@=\muskip16
\c@parentequation=\count183
\dspbrk@lvl=\count184
\tag@help=\toks16
\row@=\count185
\column@=\count186
\maxfields@=\count187
\andhelp@=\toks17
\eqnshift@=\dimen138
\alignsep@=\dimen139
\tagshift@=\dimen140
\tagwidth@=\dimen141
\totwidth@=\dimen142
\lineht@=\dimen143
\@envbody=\toks18
\multlinegap=\skip50
\multlinetaggap=\skip51
\mathdisplay@stack=\toks19
LaTeX Info: Redefining \[ on input line 2859.
LaTeX Info: Redefining \] on input line 2860.
) (/usr/share/texlive/texmf-dist/tex/latex/graphics/graphicx.sty
Package: graphicx 2019/11/30 v1.2a Enhanced LaTeX Graphics (DPC,SPQR)
 (/usr/share/texlive/texmf-dist/tex/latex/graphics/keyval.sty
Package: keyval 2014/10/28 v1.15 key=value parser (DPC)
\KV@toks@=\toks20
) (/usr/share/texlive/texmf-dist/tex/latex/graphics/graphics.sty
Package: graphics 2019/11/30 v1.4a Standard LaTeX Graphics (DPC,SPQR)
 (/usr/share/texlive/texmf-dist/tex/latex/graphics/trig.sty
Package: trig 2016/01/03 v1.10 sin cos tan (DPC)
) (/usr/share/texlive/texmf-dist/tex/latex/graphics-cfg/graphics.cfg
File: graphics.cfg 2016/06/04 v1.11 sample graphics configuration
)
Package graphics Info: Driver file: pdftex.def on input line 105.
 (/usr/share/texlive/texmf-dist/tex/latex/graphics-def/pdftex.def
File: pdftex.def 2018/01/08 v1.0l Graphics/color driver for pdftex
))
\Gin@req@height=\dimen144
\Gin@req@width=\dimen145
) (/usr/share/texlive/texmf-dist/tex/latex/l3backend/l3backend-pdfmode.def
File: l3backend-pdfmode.def 2020-06-29 L3 backend support: PDF mode
\l__kernel_color_stack_int=\count188
\l__pdf_internal_box=\box47
) (/home/parth/Work/School/Computers/ECS132/finalproject/final.aux)
\openout1 = `final.aux'.

LaTeX Font Info:    Checking defaults for OML/cmm/m/it on input line 14.
LaTeX Font Info:    ... okay on input line 14.
LaTeX Font Info:    Checking defaults for OMS/cmsy/m/n on input line 14.
LaTeX Font Info:    ... okay on input line 14.
LaTeX Font Info:    Checking defaults for OT1/cmr/m/n on input line 14.
LaTeX Font Info:    ... okay on input line 14.
LaTeX Font Info:    Checking defaults for T1/cmr/m/n on input line 14.
LaTeX Font Info:    ... okay on input line 14.
LaTeX Font Info:    Checking defaults for TS1/cmr/m/n on input line 14.
LaTeX Font Info:    ... okay on input line 14.
LaTeX Font Info:    Checking defaults for OMX/cmex/m/n on input line 14.
LaTeX Font Info:    ... okay on input line 14.
LaTeX Font Info:    Checking defaults for U/cmr/m/n on input line 14.
LaTeX Font Info:    ... okay on input line 14.
 (/usr/share/texlive/texmf-dist/tex/context/base/mkii/supp-pdf.mkii
[Loading MPS to PDF converter (version 2006.09.02).]
\scratchcounter=\count189
\scratchdimen=\dimen146
\scratchbox=\box48
\nofMPsegments=\count190
\nofMParguments=\count191
\everyMPshowfont=\toks21
\MPscratchCnt=\count192
\MPscratchDim=\dimen147
\MPnumerator=\count193
\makeMPintoPDFobject=\count194
\everyMPtoPDFconversion=\toks22
) (/usr/share/texlive/texmf-dist/tex/latex/epstopdf-pkg/epstopdf-base.sty
Package: epstopdf-base 2020-01-24 v2.11 Base part for package epstopdf
Package epstopdf-base Info: Redefining graphics rule for `.eps' on input line 485.
 (/usr/share/texlive/texmf-dist/tex/latex/latexconfig/epstopdf-sys.cfg
File: epstopdf-sys.cfg 2010/07/13 v1.3 Configuration of (r)epstopdf for TeX Live
))
Underfull \hbox (badness 10000) in paragraph at lines 16--18

 []


Underfull \hbox (badness 10000) in paragraph at lines 16--18

 []


Underfull \hbox (badness 10000) in paragraph at lines 20--34

 []


Underfull \hbox (badness 10000) in paragraph at lines 35--36

 []


Underfull \hbox (badness 10000) in paragraph at lines 37--43

 []


Underfull \hbox (badness 10000) in paragraph at lines 44--45

 []


Underfull \hbox (badness 10000) in paragraph at lines 52--53

 []

[1

{/var/lib/texmf/fonts/map/pdftex/updmap/pdftex.map}]
Underfull \hbox (badness 10000) in paragraph at lines 63--65

 []


Underfull \hbox (badness 10000) in paragraph at lines 63--65

 []


Underfull \hbox (badness 10000) in paragraph at lines 73--74

 []


Underfull \hbox (badness 10000) in paragraph at lines 75--76

 []

<hist_p1_1.png, id=12, 767.86874pt x 558.58687pt>
File: hist_p1_1.png Graphic file (type png)
<use hist_p1_1.png>
Package pdftex.def Info: hist_p1_1.png  used on input line 84.
(pdftex.def)             Requested size: 383.93343pt x 279.29276pt.

Underfull \hbox (badness 10000) in paragraph at lines 84--85

 []


Underfull \hbox (badness 10000) in paragraph at lines 87--88

 []

[2 </home/parth/Work/School/Computers/ECS132/finalproject/hist_p1_1.png>]
<cdf_p1_1.png, id=20, 779.16093pt x 581.17125pt>
File: cdf_p1_1.png Graphic file (type png)
<use cdf_p1_1.png>
Package pdftex.def Info: cdf_p1_1.png  used on input line 96.
(pdftex.def)             Requested size: 389.57951pt x 290.58492pt.

Underfull \hbox (badness 10000) in paragraph at lines 99--101

 []


Underfull \hbox (badness 10000) in paragraph at lines 102--103

 []

<hist_p1_2.png, id=21, 774.64406pt x 581.92406pt>
File: hist_p1_2.png Graphic file (type png)
<use hist_p1_2.png>
Package pdftex.def Info: hist_p1_2.png  used on input line 109.
(pdftex.def)             Requested size: 232.395pt x 174.57855pt.
<cdf_p1_2.png, id=22, 787.44188pt x 580.41844pt>
File: cdf_p1_2.png Graphic file (type png)
<use cdf_p1_2.png>
Package pdftex.def Info: cdf_p1_2.png  used on input line 110.
(pdftex.def)             Requested size: 236.23438pt x 174.12688pt.

Overfull \hbox (1.30772pt too wide) in paragraph at lines 104--111
[] [] 
 []


Underfull \hbox (badness 10000) in paragraph at lines 104--111

 []

[3 </home/parth/Work/School/Computers/ECS132/finalproject/cdf_p1_1.png>]
Underfull \hbox (badness 10000) in paragraph at lines 113--114

 []


Underfull \hbox (badness 10000) in paragraph at lines 115--125

 []

<hist_p1_3.png, id=27, 779.91376pt x 568.37344pt>
File: hist_p1_3.png Graphic file (type png)
<use hist_p1_3.png>
Package pdftex.def Info: hist_p1_3.png  used on input line 126.
(pdftex.def)             Requested size: 389.95593pt x 284.18602pt.
<cdf_p1_3.png, id=28, 788.9475pt x 579.66562pt>
File: cdf_p1_3.png Graphic file (type png)
<use cdf_p1_3.png>
Package pdftex.def Info: cdf_p1_3.png  used on input line 127.
(pdftex.def)             Requested size: 394.47278pt x 289.83209pt.

Underfull \hbox (badness 10000) in paragraph at lines 126--128

 []

[4 </home/parth/Work/School/Computers/ECS132/finalproject/hist_p1_2.png> </home/parth/Work/School/Computers/ECS132/finalproject/cdf_p1_2.png>] [5 </home/parth/Work/School/Computers/ECS132/finalproject/hist_p1_3.png> </home/parth/Work/School/Computers/ECS132/finalproject/cdf_p1_3.png>]
<Hist(PropActDriv).png, id=39, 469.755pt x 300.3722pt>
File: Hist(PropActDriv).png Graphic file (type png)
<use Hist(PropActDriv).png>
Package pdftex.def Info: Hist(PropActDriv).png  used on input line 167.
(pdftex.def)             Requested size: 469.75386pt x 300.37144pt.

Underfull \hbox (badness 10000) in paragraph at lines 167--168

 []

[6]
<Part3(Code).png, id=47, 310.15875pt x 161.10187pt>
File: Part3(Code).png Graphic file (type png)
<use Part3(Code).png>
Package pdftex.def Info: Part3(Code).png  used on input line 170.
(pdftex.def)             Requested size: 310.15799pt x 161.10147pt.
 [7 </home/parth/Work/School/Computers/ECS132/finalproject/Hist(PropActDriv).png> </home/parth/Work/School/Computers/ECS132/finalproject/Part3(Code).png>] [8] [9] (/home/parth/Work/School/Computers/ECS132/finalproject/final.aux) ) 
Here is how much of TeX's memory you used:
 1836 strings out of 482854
 25386 string characters out of 5956882
 263543 words of memory out of 5000000
 17190 multiletter control sequences out of 15000+600000
 541202 words of font info for 50 fonts, out of 8000000 for 9000
 14 hyphenation exceptions out of 8191
 36i,5n,33p,680b,161s stack positions out of 5000i,500n,10000p,200000b,80000s
 </home/parth/.texlive2020/texmf-var/fonts/pk/ljfour/jknappen/ec/tcrm1095.600pk></usr/share/texlive/texmf-dist/fonts/type1/public/amsfonts/cm/cmbx10.pfb></usr/share/texlive/texmf-dist/fonts/type1/public/amsfonts/cm/cmbx12.pfb></usr/share/texlive/texmf-dist/fonts/type1/public/amsfonts/cm/cmcsc10.pfb></usr/share/texlive/texmf-dist/fonts/type1/public/amsfonts/cm/cmex10.pfb></usr/share/texlive/texmf-dist/fonts/type1/public/amsfonts/cm/cmmi10.pfb></usr/share/texlive/texmf-dist/fonts/type1/public/amsfonts/cm/cmmi12.pfb></usr/share/texlive/texmf-dist/fonts/type1/public/amsfonts/cm/cmmi6.pfb></usr/share/texlive/texmf-dist/fonts/type1/public/amsfonts/cm/cmmi8.pfb></usr/share/texlive/texmf-dist/fonts/type1/public/amsfonts/cm/cmr10.pfb></usr/share/texlive/texmf-dist/fonts/type1/public/amsfonts/cm/cmr8.pfb></usr/share/texlive/texmf-dist/fonts/type1/public/amsfonts/cm/cmsy10.pfb>
Output written on /home/parth/Work/School/Computers/ECS132/finalproject/final.pdf (9 pages, 354651 bytes).
PDF statistics:
 100 PDF objects out of 1000 (max. 8388607)
 60 compressed objects within 1 object stream
 0 named destinations out of 1000 (max. 500000)
 41 words of extra memory for PDF output out of 10000 (max. 10000000)

